<?xml version="1.0" encoding="UTF-8"?>
<coverage generated="1772845197871" clover="3.2.0">
  <project timestamp="1772845197871" name="All files">
    <metrics statements="186" coveredstatements="63" conditionals="153" coveredconditionals="70" methods="64" coveredmethods="30" elements="403" coveredelements="163" complexity="0" loc="186" ncloc="186" packages="2" files="4" classes="4"/>
    <package name="src">
      <metrics statements="117" coveredstatements="0" conditionals="56" coveredconditionals="0" methods="32" coveredmethods="0"/>
      <file name="App.js" path="/Users/bkh223/Documents/GitHub/agent-engineers/generations/homesentinel/frontend/src/App.js">
        <metrics statements="115" coveredstatements="0" conditionals="56" coveredconditionals="0" methods="32" coveredmethods="0"/>
        <line num="7" count="0" type="stmt"/>
        <line num="8" count="0" type="stmt"/>
        <line num="9" count="0" type="stmt"/>
        <line num="10" count="0" type="stmt"/>
        <line num="11" count="0" type="stmt"/>
        <line num="12" count="0" type="stmt"/>
        <line num="13" count="0" type="stmt"/>
        <line num="14" count="0" type="stmt"/>
        <line num="15" count="0" type="stmt"/>
        <line num="16" count="0" type="stmt"/>
        <line num="17" count="0" type="stmt"/>
        <line num="23" count="0" type="stmt"/>
        <line num="25" count="0" type="stmt"/>
        <line num="26" count="0" type="stmt"/>
        <line num="27" count="0" type="stmt"/>
        <line num="33" count="0" type="cond" truecount="0" falsecount="2"/>
        <line num="34" count="0" type="stmt"/>
        <line num="35" count="0" type="stmt"/>
        <line num="37" count="0" type="stmt"/>
        <line num="40" count="0" type="stmt"/>
        <line num="41" count="0" type="stmt"/>
        <line num="45" count="0" type="stmt"/>
        <line num="46" count="0" type="stmt"/>
        <line num="47" count="0" type="stmt"/>
        <line num="53" count="0" type="cond" truecount="0" falsecount="2"/>
        <line num="54" count="0" type="stmt"/>
        <line num="55" count="0" type="cond" truecount="0" falsecount="2"/>
        <line num="56" count="0" type="stmt"/>
        <line num="59" count="0" type="stmt"/>
        <line num="63" count="0" type="stmt"/>
        <line num="64" count="0" type="stmt"/>
        <line num="65" count="0" type="stmt"/>
        <line num="71" count="0" type="cond" truecount="0" falsecount="2"/>
        <line num="72" count="0" type="stmt"/>
        <line num="73" count="0" type="stmt"/>
        <line num="76" count="0" type="stmt"/>
        <line num="80" count="0" type="stmt"/>
        <line num="81" count="0" type="stmt"/>
        <line num="82" count="0" type="stmt"/>
        <line num="88" count="0" type="cond" truecount="0" falsecount="2"/>
        <line num="89" count="0" type="stmt"/>
        <line num="90" count="0" type="cond" truecount="0" falsecount="2"/>
        <line num="93" count="0" type="stmt"/>
        <line num="97" count="0" type="stmt"/>
        <line num="98" count="0" type="stmt"/>
        <line num="99" count="0" type="stmt"/>
        <line num="100" count="0" type="stmt"/>
        <line num="102" count="0" type="stmt"/>
        <line num="103" count="0" type="stmt"/>
        <line num="104" count="0" type="stmt"/>
        <line num="105" count="0" type="stmt"/>
        <line num="106" count="0" type="stmt"/>
        <line num="109" count="0" type="stmt"/>
        <line num="112" count="0" type="stmt"/>
        <line num="113" count="0" type="stmt"/>
        <line num="114" count="0" type="stmt"/>
        <line num="115" count="0" type="stmt"/>
        <line num="121" count="0" type="cond" truecount="0" falsecount="2"/>
        <line num="122" count="0" type="stmt"/>
        <line num="123" count="0" type="stmt"/>
        <line num="125" count="0" type="stmt"/>
        <line num="126" count="0" type="stmt"/>
        <line num="130" count="0" type="stmt"/>
        <line num="132" count="0" type="stmt"/>
        <line num="136" count="0" type="stmt"/>
        <line num="137" count="0" type="stmt"/>
        <line num="138" count="0" type="stmt"/>
        <line num="141" count="0" type="stmt"/>
        <line num="142" count="0" type="stmt"/>
        <line num="143" count="0" type="stmt"/>
        <line num="146" count="0" type="stmt"/>
        <line num="147" count="0" type="cond" truecount="0" falsecount="2"/>
        <line num="148" count="0" type="stmt"/>
        <line num="152" count="0" type="stmt"/>
        <line num="153" count="0" type="stmt"/>
        <line num="154" count="0" type="cond" truecount="0" falsecount="4"/>
        <line num="155" count="0" type="stmt"/>
        <line num="159" count="0" type="stmt"/>
        <line num="160" count="0" type="stmt"/>
        <line num="163" count="0" type="stmt"/>
        <line num="164" count="0" type="stmt"/>
        <line num="165" count="0" type="stmt"/>
        <line num="170" count="0" type="stmt"/>
        <line num="173" count="0" type="stmt"/>
        <line num="174" count="0" type="stmt"/>
        <line num="175" count="0" type="stmt"/>
        <line num="176" count="0" type="stmt"/>
        <line num="183" count="0" type="stmt"/>
        <line num="184" count="0" type="cond" truecount="0" falsecount="2"/>
        <line num="186" count="0" type="stmt"/>
        <line num="187" count="0" type="stmt"/>
        <line num="198" count="0" type="cond" truecount="0" falsecount="2"/>
        <line num="199" count="0" type="stmt"/>
        <line num="200" count="0" type="cond" truecount="0" falsecount="2"/>
        <line num="201" count="0" type="stmt"/>
        <line num="202" count="0" type="stmt"/>
        <line num="204" count="0" type="stmt"/>
        <line num="207" count="0" type="stmt"/>
        <line num="208" count="0" type="stmt"/>
        <line num="212" count="0" type="stmt"/>
        <line num="213" count="0" type="cond" truecount="0" falsecount="2"/>
        <line num="214" count="0" type="stmt"/>
        <line num="215" count="0" type="stmt"/>
        <line num="218" count="0" type="stmt"/>
        <line num="219" count="0" type="cond" truecount="0" falsecount="2"/>
        <line num="222" count="0" type="stmt"/>
        <line num="225" count="0" type="stmt"/>
        <line num="226" count="0" type="stmt"/>
        <line num="228" count="0" type="stmt"/>
        <line num="273" count="0" type="stmt"/>
        <line num="304" count="0" type="stmt"/>
        <line num="308" count="0" type="stmt"/>
        <line num="340" count="0" type="stmt"/>
        <line num="351" count="0" type="stmt"/>
        <line num="371" count="0" type="stmt"/>
      </file>
      <file name="index.js" path="/Users/bkh223/Documents/GitHub/agent-engineers/generations/homesentinel/frontend/src/index.js">
        <metrics statements="2" coveredstatements="0" conditionals="0" coveredconditionals="0" methods="0" coveredmethods="0"/>
        <line num="5" count="0" type="stmt"/>
        <line num="6" count="0" type="stmt"/>
      </file>
    </package>
    <package name="src.components">
      <metrics statements="69" coveredstatements="63" conditionals="97" coveredconditionals="70" methods="32" coveredmethods="30"/>
      <file name="DeviceCard.js" path="/Users/bkh223/Documents/GitHub/agent-engineers/generations/homesentinel/frontend/src/components/DeviceCard.js">
        <metrics statements="12" coveredstatements="12" conditionals="25" coveredconditionals="22" methods="8" coveredmethods="8"/>
        <line num="10" count="18" type="stmt"/>
        <line num="11" count="51" type="stmt"/>
        <line num="12" count="34" type="cond" truecount="1" falsecount="1"/>
        <line num="15" count="18" type="stmt"/>
        <line num="16" count="36" type="cond" truecount="2" falsecount="0"/>
        <line num="19" count="18" type="stmt"/>
        <line num="20" count="18" type="cond" truecount="2" falsecount="0"/>
        <line num="23" count="18" type="stmt"/>
        <line num="30" count="2" type="cond" truecount="3" falsecount="1"/>
        <line num="31" count="2" type="stmt"/>
        <line num="76" count="34" type="stmt"/>
        <line num="80" count="51" type="cond" truecount="1" falsecount="1"/>
      </file>
      <file name="DeviceDetailCard.js" path="/Users/bkh223/Documents/GitHub/agent-engineers/generations/homesentinel/frontend/src/components/DeviceDetailCard.js">
        <metrics statements="57" coveredstatements="51" conditionals="72" coveredconditionals="48" methods="24" coveredmethods="22"/>
        <line num="10" count="74" type="stmt"/>
        <line num="11" count="74" type="stmt"/>
        <line num="12" count="74" type="stmt"/>
        <line num="13" count="74" type="stmt"/>
        <line num="14" count="74" type="stmt"/>
        <line num="20" count="74" type="stmt"/>
        <line num="21" count="27" type="stmt"/>
        <line num="28" count="74" type="stmt"/>
        <line num="29" count="148" type="cond" truecount="1" falsecount="1"/>
        <line num="30" count="148" type="stmt"/>
        <line num="31" count="148" type="stmt"/>
        <line num="34" count="74" type="stmt"/>
        <line num="35" count="74" type="cond" truecount="1" falsecount="1"/>
        <line num="36" count="74" type="stmt"/>
        <line num="39" count="74" type="stmt"/>
        <line num="40" count="74" type="stmt"/>
        <line num="41" count="74" type="cond" truecount="1" falsecount="1"/>
        <line num="44" count="74" type="stmt"/>
        <line num="45" count="74" type="stmt"/>
        <line num="46" count="74" type="cond" truecount="1" falsecount="1"/>
        <line num="49" count="74" type="stmt"/>
        <line num="50" count="5" type="stmt"/>
        <line num="56" count="74" type="stmt"/>
        <line num="57" count="4" type="stmt"/>
        <line num="58" count="4" type="stmt"/>
        <line num="60" count="4" type="stmt"/>
        <line num="61" count="4" type="stmt"/>
        <line num="62" count="4" type="stmt"/>
        <line num="64" count="4" type="stmt"/>
        <line num="75" count="4" type="cond" truecount="1" falsecount="1"/>
        <line num="76" count="4" type="stmt"/>
        <line num="77" count="4" type="cond" truecount="1" falsecount="1"/>
        <line num="78" count="4" type="stmt"/>
        <line num="80" count="4" type="stmt"/>
        <line num="82" count="0" type="stmt"/>
        <line num="85" count="0" type="stmt"/>
        <line num="86" count="0" type="stmt"/>
        <line num="88" count="4" type="stmt"/>
        <line num="92" count="74" type="stmt"/>
        <line num="93" count="1" type="stmt"/>
        <line num="98" count="1" type="stmt"/>
        <line num="99" count="1" type="stmt"/>
        <line num="102" count="74" type="cond" truecount="1" falsecount="1"/>
        <line num="103" count="0" type="stmt"/>
        <line num="106" count="74" type="stmt"/>
        <line num="108" count="15" type="stmt"/>
        <line num="172" count="148" type="stmt"/>
        <line num="211" count="4" type="stmt"/>
        <line num="218" count="3" type="stmt"/>
        <line num="239" count="5" type="stmt"/>
        <line num="255" count="1" type="stmt"/>
        <line num="271" count="1" type="stmt"/>
        <line num="292" count="2" type="stmt"/>
        <line num="309" count="74" type="stmt"/>
        <line num="358" count="0" type="stmt"/>
        <line num="366" count="0" type="stmt"/>
        <line num="388" count="1" type="stmt"/>
      </file>
    </package>
  </project>
</coverage>
