{"/Users/bkh223/Documents/GitHub/agent-engineers/generations/homesentinel/frontend/src/App.js": {"path":"/Users/bkh223/Documents/GitHub/agent-engineers/generations/homesentinel/frontend/src/App.js","statementMap":{"0":{"start":{"line":7,"column":36},"end":{"line":7,"column":61}},"1":{"start":{"line":8,"column":32},"end":{"line":8,"column":44}},"2":{"start":{"line":9,"column":44},"end":{"line":9,"column":58}},"3":{"start":{"line":10,"column":42},"end":{"line":10,"column":56}},"4":{"start":{"line":11,"column":32},"end":{"line":11,"column":47}},"5":{"start":{"line":12,"column":42},"end":{"line":12,"column":54}},"6":{"start":{"line":13,"column":46},"end":{"line":13,"column":60}},"7":{"start":{"line":14,"column":46},"end":{"line":14,"column":61}},"8":{"start":{"line":15,"column":44},"end":{"line":15,"column":58}},"9":{"start":{"line":16,"column":44},"end":{"line":16,"column":59}},"10":{"start":{"line":17,"column":34},"end":{"line":21,"column":4}},"11":{"start":{"line":23,"column":2},"end":{"line":110,"column":9}},"12":{"start":{"line":25,"column":24},"end":{"line":43,"column":5}},"13":{"start":{"line":26,"column":6},"end":{"line":42,"column":7}},"14":{"start":{"line":27,"column":25},"end":{"line":32,"column":10}},"15":{"start":{"line":33,"column":8},"end":{"line":38,"column":9}},"16":{"start":{"line":34,"column":23},"end":{"line":34,"column":44}},"17":{"start":{"line":35,"column":10},"end":{"line":35,"column":36}},"18":{"start":{"line":37,"column":10},"end":{"line":37,"column":32}},"19":{"start":{"line":40,"column":8},"end":{"line":40,"column":53}},"20":{"start":{"line":41,"column":8},"end":{"line":41,"column":37}},"21":{"start":{"line":45,"column":23},"end":{"line":61,"column":5}},"22":{"start":{"line":46,"column":6},"end":{"line":60,"column":7}},"23":{"start":{"line":47,"column":25},"end":{"line":52,"column":10}},"24":{"start":{"line":53,"column":8},"end":{"line":57,"column":9}},"25":{"start":{"line":54,"column":23},"end":{"line":54,"column":44}},"26":{"start":{"line":55,"column":10},"end":{"line":55,"column":41}},"27":{"start":{"line":56,"column":10},"end":{"line":56,"column":42}},"28":{"start":{"line":59,"column":8},"end":{"line":59,"column":57}},"29":{"start":{"line":63,"column":29},"end":{"line":78,"column":5}},"30":{"start":{"line":64,"column":6},"end":{"line":77,"column":7}},"31":{"start":{"line":65,"column":25},"end":{"line":70,"column":10}},"32":{"start":{"line":71,"column":8},"end":{"line":74,"column":9}},"33":{"start":{"line":72,"column":23},"end":{"line":72,"column":44}},"34":{"start":{"line":73,"column":10},"end":{"line":73,"column":33}},"35":{"start":{"line":76,"column":8},"end":{"line":76,"column":64}},"36":{"start":{"line":80,"column":28},"end":{"line":95,"column":5}},"37":{"start":{"line":81,"column":6},"end":{"line":94,"column":7}},"38":{"start":{"line":82,"column":25},"end":{"line":87,"column":10}},"39":{"start":{"line":88,"column":8},"end":{"line":91,"column":9}},"40":{"start":{"line":89,"column":23},"end":{"line":89,"column":44}},"41":{"start":{"line":90,"column":10},"end":{"line":90,"column":45}},"42":{"start":{"line":93,"column":8},"end":{"line":93,"column":63}},"43":{"start":{"line":97,"column":4},"end":{"line":97,"column":18}},"44":{"start":{"line":98,"column":4},"end":{"line":98,"column":17}},"45":{"start":{"line":99,"column":4},"end":{"line":99,"column":23}},"46":{"start":{"line":100,"column":4},"end":{"line":100,"column":22}},"47":{"start":{"line":102,"column":21},"end":{"line":107,"column":12}},"48":{"start":{"line":103,"column":6},"end":{"line":103,"column":20}},"49":{"start":{"line":104,"column":6},"end":{"line":104,"column":19}},"50":{"start":{"line":105,"column":6},"end":{"line":105,"column":25}},"51":{"start":{"line":106,"column":6},"end":{"line":106,"column":24}},"52":{"start":{"line":109,"column":4},"end":{"line":109,"column":41}},"53":{"start":{"line":109,"column":17},"end":{"line":109,"column":40}},"54":{"start":{"line":112,"column":28},"end":{"line":134,"column":3}},"55":{"start":{"line":113,"column":4},"end":{"line":113,"column":21}},"56":{"start":{"line":114,"column":4},"end":{"line":133,"column":5}},"57":{"start":{"line":115,"column":23},"end":{"line":120,"column":8}},"58":{"start":{"line":121,"column":6},"end":{"line":128,"column":7}},"59":{"start":{"line":122,"column":21},"end":{"line":122,"column":42}},"60":{"start":{"line":123,"column":8},"end":{"line":123,"column":52}},"61":{"start":{"line":125,"column":8},"end":{"line":127,"column":17}},"62":{"start":{"line":126,"column":10},"end":{"line":126,"column":35}},"63":{"start":{"line":130,"column":6},"end":{"line":130,"column":61}},"64":{"start":{"line":132,"column":6},"end":{"line":132,"column":24}},"65":{"start":{"line":136,"column":28},"end":{"line":139,"column":3}},"66":{"start":{"line":137,"column":4},"end":{"line":137,"column":30}},"67":{"start":{"line":138,"column":4},"end":{"line":138,"column":28}},"68":{"start":{"line":141,"column":32},"end":{"line":144,"column":3}},"69":{"start":{"line":142,"column":4},"end":{"line":142,"column":29}},"70":{"start":{"line":143,"column":4},"end":{"line":143,"column":28}},"71":{"start":{"line":146,"column":29},"end":{"line":149,"column":3}},"72":{"start":{"line":147,"column":4},"end":{"line":147,"column":94}},"73":{"start":{"line":147,"column":32},"end":{"line":147,"column":91}},"74":{"start":{"line":148,"column":4},"end":{"line":148,"column":37}},"75":{"start":{"line":152,"column":2},"end":{"line":161,"column":23}},"76":{"start":{"line":153,"column":28},"end":{"line":157,"column":5}},"77":{"start":{"line":154,"column":6},"end":{"line":156,"column":7}},"78":{"start":{"line":155,"column":8},"end":{"line":155,"column":32}},"79":{"start":{"line":159,"column":4},"end":{"line":159,"column":56}},"80":{"start":{"line":160,"column":4},"end":{"line":160,"column":72}},"81":{"start":{"line":160,"column":17},"end":{"line":160,"column":71}},"82":{"start":{"line":163,"column":24},"end":{"line":171,"column":3}},"83":{"start":{"line":164,"column":4},"end":{"line":164,"column":29}},"84":{"start":{"line":165,"column":4},"end":{"line":169,"column":7}},"85":{"start":{"line":170,"column":4},"end":{"line":170,"column":27}},"86":{"start":{"line":173,"column":25},"end":{"line":181,"column":3}},"87":{"start":{"line":174,"column":4},"end":{"line":174,"column":28}},"88":{"start":{"line":175,"column":4},"end":{"line":175,"column":27}},"89":{"start":{"line":176,"column":4},"end":{"line":180,"column":7}},"90":{"start":{"line":183,"column":28},"end":{"line":210,"column":3}},"91":{"start":{"line":184,"column":4},"end":{"line":184,"column":31}},"92":{"start":{"line":184,"column":24},"end":{"line":184,"column":31}},"93":{"start":{"line":186,"column":4},"end":{"line":209,"column":5}},"94":{"start":{"line":187,"column":23},"end":{"line":196,"column":7}},"95":{"start":{"line":198,"column":6},"end":{"line":205,"column":7}},"96":{"start":{"line":199,"column":30},"end":{"line":199,"column":51}},"97":{"start":{"line":200,"column":8},"end":{"line":200,"column":98}},"98":{"start":{"line":200,"column":36},"end":{"line":200,"column":95}},"99":{"start":{"line":201,"column":8},"end":{"line":201,"column":25}},"100":{"start":{"line":202,"column":8},"end":{"line":202,"column":45}},"101":{"start":{"line":204,"column":8},"end":{"line":204,"column":41}},"102":{"start":{"line":207,"column":6},"end":{"line":207,"column":53}},"103":{"start":{"line":208,"column":6},"end":{"line":208,"column":35}},"104":{"start":{"line":212,"column":21},"end":{"line":216,"column":3}},"105":{"start":{"line":213,"column":4},"end":{"line":213,"column":36}},"106":{"start":{"line":213,"column":21},"end":{"line":213,"column":36}},"107":{"start":{"line":214,"column":17},"end":{"line":214,"column":37}},"108":{"start":{"line":215,"column":4},"end":{"line":215,"column":33}},"109":{"start":{"line":218,"column":31},"end":{"line":220,"column":3}},"110":{"start":{"line":219,"column":4},"end":{"line":219,"column":54}},"111":{"start":{"line":222,"column":29},"end":{"line":222,"column":70}},"112":{"start":{"line":222,"column":49},"end":{"line":222,"column":62}},"113":{"start":{"line":225,"column":22},"end":{"line":225,"column":71}},"114":{"start":{"line":225,"column":42},"end":{"line":225,"column":63}},"115":{"start":{"line":226,"column":23},"end":{"line":226,"column":73}},"116":{"start":{"line":226,"column":43},"end":{"line":226,"column":65}},"117":{"start":{"line":228,"column":2},"end":{"line":407,"column":4}},"118":{"start":{"line":273,"column":16},"end":{"line":277,"column":22}},"119":{"start":{"line":304,"column":16},"end":{"line":309,"column":18}},"120":{"start":{"line":308,"column":33},"end":{"line":308,"column":58}},"121":{"start":{"line":340,"column":22},"end":{"line":340,"column":81}},"122":{"start":{"line":351,"column":22},"end":{"line":351,"column":79}},"123":{"start":{"line":371,"column":22},"end":{"line":371,"column":73}}},"fnMap":{"0":{"name":"App","decl":{"start":{"line":6,"column":9},"end":{"line":6,"column":12}},"loc":{"start":{"line":6,"column":15},"end":{"line":408,"column":1}},"line":6},"1":{"name":"(anonymous_1)","decl":{"start":{"line":23,"column":12},"end":{"line":23,"column":13}},"loc":{"start":{"line":23,"column":18},"end":{"line":110,"column":3}},"line":23},"2":{"name":"(anonymous_2)","decl":{"start":{"line":25,"column":24},"end":{"line":25,"column":25}},"loc":{"start":{"line":25,"column":36},"end":{"line":43,"column":5}},"line":25},"3":{"name":"(anonymous_3)","decl":{"start":{"line":45,"column":23},"end":{"line":45,"column":24}},"loc":{"start":{"line":45,"column":35},"end":{"line":61,"column":5}},"line":45},"4":{"name":"(anonymous_4)","decl":{"start":{"line":63,"column":29},"end":{"line":63,"column":30}},"loc":{"start":{"line":63,"column":41},"end":{"line":78,"column":5}},"line":63},"5":{"name":"(anonymous_5)","decl":{"start":{"line":80,"column":28},"end":{"line":80,"column":29}},"loc":{"start":{"line":80,"column":40},"end":{"line":95,"column":5}},"line":80},"6":{"name":"(anonymous_6)","decl":{"start":{"line":102,"column":33},"end":{"line":102,"column":34}},"loc":{"start":{"line":102,"column":39},"end":{"line":107,"column":5}},"line":102},"7":{"name":"(anonymous_7)","decl":{"start":{"line":109,"column":11},"end":{"line":109,"column":12}},"loc":{"start":{"line":109,"column":17},"end":{"line":109,"column":40}},"line":109},"8":{"name":"(anonymous_8)","decl":{"start":{"line":112,"column":28},"end":{"line":112,"column":29}},"loc":{"start":{"line":112,"column":40},"end":{"line":134,"column":3}},"line":112},"9":{"name":"(anonymous_9)","decl":{"start":{"line":125,"column":19},"end":{"line":125,"column":20}},"loc":{"start":{"line":125,"column":25},"end":{"line":127,"column":9}},"line":125},"10":{"name":"(anonymous_10)","decl":{"start":{"line":136,"column":28},"end":{"line":136,"column":29}},"loc":{"start":{"line":136,"column":40},"end":{"line":139,"column":3}},"line":136},"11":{"name":"(anonymous_11)","decl":{"start":{"line":141,"column":32},"end":{"line":141,"column":33}},"loc":{"start":{"line":141,"column":38},"end":{"line":144,"column":3}},"line":141},"12":{"name":"(anonymous_12)","decl":{"start":{"line":146,"column":29},"end":{"line":146,"column":30}},"loc":{"start":{"line":146,"column":48},"end":{"line":149,"column":3}},"line":146},"13":{"name":"(anonymous_13)","decl":{"start":{"line":147,"column":27},"end":{"line":147,"column":28}},"loc":{"start":{"line":147,"column":32},"end":{"line":147,"column":91}},"line":147},"14":{"name":"(anonymous_14)","decl":{"start":{"line":152,"column":12},"end":{"line":152,"column":13}},"loc":{"start":{"line":152,"column":18},"end":{"line":161,"column":3}},"line":152},"15":{"name":"(anonymous_15)","decl":{"start":{"line":153,"column":28},"end":{"line":153,"column":29}},"loc":{"start":{"line":153,"column":35},"end":{"line":157,"column":5}},"line":153},"16":{"name":"(anonymous_16)","decl":{"start":{"line":160,"column":11},"end":{"line":160,"column":12}},"loc":{"start":{"line":160,"column":17},"end":{"line":160,"column":71}},"line":160},"17":{"name":"(anonymous_17)","decl":{"start":{"line":163,"column":24},"end":{"line":163,"column":25}},"loc":{"start":{"line":163,"column":36},"end":{"line":171,"column":3}},"line":163},"18":{"name":"(anonymous_18)","decl":{"start":{"line":173,"column":25},"end":{"line":173,"column":26}},"loc":{"start":{"line":173,"column":31},"end":{"line":181,"column":3}},"line":173},"19":{"name":"(anonymous_19)","decl":{"start":{"line":183,"column":28},"end":{"line":183,"column":29}},"loc":{"start":{"line":183,"column":40},"end":{"line":210,"column":3}},"line":183},"20":{"name":"(anonymous_20)","decl":{"start":{"line":200,"column":31},"end":{"line":200,"column":32}},"loc":{"start":{"line":200,"column":36},"end":{"line":200,"column":95}},"line":200},"21":{"name":"(anonymous_21)","decl":{"start":{"line":212,"column":21},"end":{"line":212,"column":22}},"loc":{"start":{"line":212,"column":37},"end":{"line":216,"column":3}},"line":212},"22":{"name":"(anonymous_22)","decl":{"start":{"line":218,"column":31},"end":{"line":218,"column":32}},"loc":{"start":{"line":218,"column":43},"end":{"line":220,"column":3}},"line":218},"23":{"name":"(anonymous_23)","decl":{"start":{"line":222,"column":44},"end":{"line":222,"column":45}},"loc":{"start":{"line":222,"column":49},"end":{"line":222,"column":62}},"line":222},"24":{"name":"(anonymous_24)","decl":{"start":{"line":225,"column":37},"end":{"line":225,"column":38}},"loc":{"start":{"line":225,"column":42},"end":{"line":225,"column":63}},"line":225},"25":{"name":"(anonymous_25)","decl":{"start":{"line":226,"column":38},"end":{"line":226,"column":39}},"loc":{"start":{"line":226,"column":43},"end":{"line":226,"column":65}},"line":226},"26":{"name":"(anonymous_26)","decl":{"start":{"line":272,"column":32},"end":{"line":272,"column":33}},"loc":{"start":{"line":273,"column":16},"end":{"line":277,"column":22}},"line":273},"27":{"name":"(anonymous_27)","decl":{"start":{"line":303,"column":27},"end":{"line":303,"column":28}},"loc":{"start":{"line":304,"column":16},"end":{"line":309,"column":18}},"line":304},"28":{"name":"(anonymous_28)","decl":{"start":{"line":308,"column":27},"end":{"line":308,"column":28}},"loc":{"start":{"line":308,"column":33},"end":{"line":308,"column":58}},"line":308},"29":{"name":"(anonymous_29)","decl":{"start":{"line":339,"column":30},"end":{"line":339,"column":31}},"loc":{"start":{"line":340,"column":22},"end":{"line":340,"column":81}},"line":340},"30":{"name":"(anonymous_30)","decl":{"start":{"line":350,"column":30},"end":{"line":350,"column":31}},"loc":{"start":{"line":351,"column":22},"end":{"line":351,"column":79}},"line":351},"31":{"name":"(anonymous_31)","decl":{"start":{"line":370,"column":30},"end":{"line":370,"column":31}},"loc":{"start":{"line":371,"column":22},"end":{"line":371,"column":73}},"line":371}},"branchMap":{"0":{"loc":{"start":{"line":33,"column":8},"end":{"line":38,"column":9}},"type":"if","locations":[{"start":{"line":33,"column":8},"end":{"line":38,"column":9}},{"start":{"line":36,"column":15},"end":{"line":38,"column":9}}],"line":33},"1":{"loc":{"start":{"line":53,"column":8},"end":{"line":57,"column":9}},"type":"if","locations":[{"start":{"line":53,"column":8},"end":{"line":57,"column":9}},{"start":{},"end":{}}],"line":53},"2":{"loc":{"start":{"line":55,"column":21},"end":{"line":55,"column":39}},"type":"binary-expr","locations":[{"start":{"line":55,"column":21},"end":{"line":55,"column":33}},{"start":{"line":55,"column":37},"end":{"line":55,"column":39}}],"line":55},"3":{"loc":{"start":{"line":71,"column":8},"end":{"line":74,"column":9}},"type":"if","locations":[{"start":{"line":71,"column":8},"end":{"line":74,"column":9}},{"start":{},"end":{}}],"line":71},"4":{"loc":{"start":{"line":88,"column":8},"end":{"line":91,"column":9}},"type":"if","locations":[{"start":{"line":88,"column":8},"end":{"line":91,"column":9}},{"start":{},"end":{}}],"line":88},"5":{"loc":{"start":{"line":90,"column":26},"end":{"line":90,"column":43}},"type":"binary-expr","locations":[{"start":{"line":90,"column":26},"end":{"line":90,"column":37}},{"start":{"line":90,"column":41},"end":{"line":90,"column":43}}],"line":90},"6":{"loc":{"start":{"line":121,"column":6},"end":{"line":128,"column":7}},"type":"if","locations":[{"start":{"line":121,"column":6},"end":{"line":128,"column":7}},{"start":{},"end":{}}],"line":121},"7":{"loc":{"start":{"line":147,"column":32},"end":{"line":147,"column":91}},"type":"cond-expr","locations":[{"start":{"line":147,"column":74},"end":{"line":147,"column":87}},{"start":{"line":147,"column":90},"end":{"line":147,"column":91}}],"line":147},"8":{"loc":{"start":{"line":154,"column":6},"end":{"line":156,"column":7}},"type":"if","locations":[{"start":{"line":154,"column":6},"end":{"line":156,"column":7}},{"start":{},"end":{}}],"line":154},"9":{"loc":{"start":{"line":154,"column":10},"end":{"line":154,"column":46}},"type":"binary-expr","locations":[{"start":{"line":154,"column":10},"end":{"line":154,"column":28}},{"start":{"line":154,"column":32},"end":{"line":154,"column":46}}],"line":154},"10":{"loc":{"start":{"line":166,"column":21},"end":{"line":166,"column":47}},"type":"binary-expr","locations":[{"start":{"line":166,"column":21},"end":{"line":166,"column":41}},{"start":{"line":166,"column":45},"end":{"line":166,"column":47}}],"line":166},"11":{"loc":{"start":{"line":167,"column":19},"end":{"line":167,"column":43}},"type":"binary-expr","locations":[{"start":{"line":167,"column":19},"end":{"line":167,"column":37}},{"start":{"line":167,"column":41},"end":{"line":167,"column":43}}],"line":167},"12":{"loc":{"start":{"line":168,"column":13},"end":{"line":168,"column":31}},"type":"binary-expr","locations":[{"start":{"line":168,"column":13},"end":{"line":168,"column":25}},{"start":{"line":168,"column":29},"end":{"line":168,"column":31}}],"line":168},"13":{"loc":{"start":{"line":184,"column":4},"end":{"line":184,"column":31}},"type":"if","locations":[{"start":{"line":184,"column":4},"end":{"line":184,"column":31}},{"start":{},"end":{}}],"line":184},"14":{"loc":{"start":{"line":198,"column":6},"end":{"line":205,"column":7}},"type":"if","locations":[{"start":{"line":198,"column":6},"end":{"line":205,"column":7}},{"start":{"line":203,"column":13},"end":{"line":205,"column":7}}],"line":198},"15":{"loc":{"start":{"line":200,"column":36},"end":{"line":200,"column":95}},"type":"cond-expr","locations":[{"start":{"line":200,"column":78},"end":{"line":200,"column":91}},{"start":{"line":200,"column":94},"end":{"line":200,"column":95}}],"line":200},"16":{"loc":{"start":{"line":213,"column":4},"end":{"line":213,"column":36}},"type":"if","locations":[{"start":{"line":213,"column":4},"end":{"line":213,"column":36}},{"start":{},"end":{}}],"line":213},"17":{"loc":{"start":{"line":219,"column":11},"end":{"line":219,"column":53}},"type":"binary-expr","locations":[{"start":{"line":219,"column":11},"end":{"line":219,"column":31}},{"start":{"line":219,"column":35},"end":{"line":219,"column":53}}],"line":219},"18":{"loc":{"start":{"line":252,"column":15},"end":{"line":252,"column":83}},"type":"cond-expr","locations":[{"start":{"line":252,"column":30},"end":{"line":252,"column":73}},{"start":{"line":252,"column":76},"end":{"line":252,"column":83}}],"line":252},"19":{"loc":{"start":{"line":258,"column":48},"end":{"line":258,"column":104}},"type":"cond-expr","locations":[{"start":{"line":258,"column":76},"end":{"line":258,"column":87}},{"start":{"line":258,"column":90},"end":{"line":258,"column":104}}],"line":258},"20":{"loc":{"start":{"line":259,"column":11},"end":{"line":264,"column":11}},"type":"binary-expr","locations":[{"start":{"line":259,"column":11},"end":{"line":259,"column":24}},{"start":{"line":260,"column":12},"end":{"line":263,"column":15}}],"line":259},"21":{"loc":{"start":{"line":268,"column":9},"end":{"line":281,"column":9}},"type":"binary-expr","locations":[{"start":{"line":268,"column":9},"end":{"line":268,"column":32}},{"start":{"line":269,"column":10},"end":{"line":280,"column":16}}],"line":268},"22":{"loc":{"start":{"line":292,"column":17},"end":{"line":292,"column":53}},"type":"cond-expr","locations":[{"start":{"line":292,"column":27},"end":{"line":292,"column":40}},{"start":{"line":292,"column":43},"end":{"line":292,"column":53}}],"line":292},"23":{"loc":{"start":{"line":294,"column":15},"end":{"line":298,"column":15}},"type":"binary-expr","locations":[{"start":{"line":294,"column":15},"end":{"line":294,"column":27}},{"start":{"line":295,"column":16},"end":{"line":297,"column":23}}],"line":294},"24":{"loc":{"start":{"line":301,"column":11},"end":{"line":314,"column":11}},"type":"cond-expr","locations":[{"start":{"line":302,"column":12},"end":{"line":311,"column":18}},{"start":{"line":313,"column":12},"end":{"line":313,"column":105}}],"line":301},"25":{"loc":{"start":{"line":318,"column":9},"end":{"line":325,"column":9}},"type":"binary-expr","locations":[{"start":{"line":318,"column":9},"end":{"line":318,"column":23}},{"start":{"line":318,"column":27},"end":{"line":318,"column":41}},{"start":{"line":319,"column":10},"end":{"line":324,"column":12}}],"line":318},"26":{"loc":{"start":{"line":328,"column":9},"end":{"line":396,"column":9}},"type":"binary-expr","locations":[{"start":{"line":328,"column":9},"end":{"line":328,"column":22}},{"start":{"line":328,"column":26},"end":{"line":328,"column":39}},{"start":{"line":329,"column":10},"end":{"line":395,"column":16}}],"line":328}},"s":{"0":0,"1":0,"2":0,"3":0,"4":0,"5":0,"6":0,"7":0,"8":0,"9":0,"10":0,"11":0,"12":0,"13":0,"14":0,"15":0,"16":0,"17":0,"18":0,"19":0,"20":0,"21":0,"22":0,"23":0,"24":0,"25":0,"26":0,"27":0,"28":0,"29":0,"30":0,"31":0,"32":0,"33":0,"34":0,"35":0,"36":0,"37":0,"38":0,"39":0,"40":0,"41":0,"42":0,"43":0,"44":0,"45":0,"46":0,"47":0,"48":0,"49":0,"50":0,"51":0,"52":0,"53":0,"54":0,"55":0,"56":0,"57":0,"58":0,"59":0,"60":0,"61":0,"62":0,"63":0,"64":0,"65":0,"66":0,"67":0,"68":0,"69":0,"70":0,"71":0,"72":0,"73":0,"74":0,"75":0,"76":0,"77":0,"78":0,"79":0,"80":0,"81":0,"82":0,"83":0,"84":0,"85":0,"86":0,"87":0,"88":0,"89":0,"90":0,"91":0,"92":0,"93":0,"94":0,"95":0,"96":0,"97":0,"98":0,"99":0,"100":0,"101":0,"102":0,"103":0,"104":0,"105":0,"106":0,"107":0,"108":0,"109":0,"110":0,"111":0,"112":0,"113":0,"114":0,"115":0,"116":0,"117":0,"118":0,"119":0,"120":0,"121":0,"122":0,"123":0},"f":{"0":0,"1":0,"2":0,"3":0,"4":0,"5":0,"6":0,"7":0,"8":0,"9":0,"10":0,"11":0,"12":0,"13":0,"14":0,"15":0,"16":0,"17":0,"18":0,"19":0,"20":0,"21":0,"22":0,"23":0,"24":0,"25":0,"26":0,"27":0,"28":0,"29":0,"30":0,"31":0},"b":{"0":[0,0],"1":[0,0],"2":[0,0],"3":[0,0],"4":[0,0],"5":[0,0],"6":[0,0],"7":[0,0],"8":[0,0],"9":[0,0],"10":[0,0],"11":[0,0],"12":[0,0],"13":[0,0],"14":[0,0],"15":[0,0],"16":[0,0],"17":[0,0],"18":[0,0],"19":[0,0],"20":[0,0],"21":[0,0],"22":[0,0],"23":[0,0],"24":[0,0],"25":[0,0,0],"26":[0,0,0]}}
,"/Users/bkh223/Documents/GitHub/agent-engineers/generations/homesentinel/frontend/src/index.js": {"path":"/Users/bkh223/Documents/GitHub/agent-engineers/generations/homesentinel/frontend/src/index.js","statementMap":{"0":{"start":{"line":5,"column":13},"end":{"line":5,"column":65}},"1":{"start":{"line":6,"column":0},"end":{"line":10,"column":2}}},"fnMap":{},"branchMap":{},"s":{"0":0,"1":0},"f":{},"b":{}}
,"/Users/bkh223/Documents/GitHub/agent-engineers/generations/homesentinel/frontend/src/components/DeviceCard.js": {"path":"/Users/bkh223/Documents/GitHub/agent-engineers/generations/homesentinel/frontend/src/components/DeviceCard.js","statementMap":{"0":{"start":{"line":10,"column":24},"end":{"line":13,"column":3}},"1":{"start":{"line":11,"column":18},"end":{"line":11,"column":58}},"2":{"start":{"line":11,"column":35},"end":{"line":11,"column":57}},"3":{"start":{"line":12,"column":4},"end":{"line":12,"column":37}},"4":{"start":{"line":15,"column":29},"end":{"line":17,"column":3}},"5":{"start":{"line":16,"column":4},"end":{"line":16,"column":61}},"6":{"start":{"line":19,"column":25},"end":{"line":21,"column":3}},"7":{"start":{"line":20,"column":4},"end":{"line":20,"column":61}},"8":{"start":{"line":23,"column":2},"end":{"line":93,"column":4}},"9":{"start":{"line":30,"column":8},"end":{"line":32,"column":9}},"10":{"start":{"line":31,"column":10},"end":{"line":31,"column":20}},"11":{"start":{"line":76,"column":16},"end":{"line":82,"column":23}},"12":{"start":{"line":80,"column":42},"end":{"line":80,"column":64}}},"fnMap":{"0":{"name":"DeviceCard","decl":{"start":{"line":9,"column":9},"end":{"line":9,"column":19}},"loc":{"start":{"line":9,"column":49},"end":{"line":94,"column":1}},"line":9},"1":{"name":"(anonymous_1)","decl":{"start":{"line":10,"column":24},"end":{"line":10,"column":25}},"loc":{"start":{"line":10,"column":37},"end":{"line":13,"column":3}},"line":10},"2":{"name":"(anonymous_2)","decl":{"start":{"line":11,"column":30},"end":{"line":11,"column":31}},"loc":{"start":{"line":11,"column":35},"end":{"line":11,"column":57}},"line":11},"3":{"name":"(anonymous_3)","decl":{"start":{"line":15,"column":29},"end":{"line":15,"column":30}},"loc":{"start":{"line":15,"column":35},"end":{"line":17,"column":3}},"line":15},"4":{"name":"(anonymous_4)","decl":{"start":{"line":19,"column":25},"end":{"line":19,"column":26}},"loc":{"start":{"line":19,"column":31},"end":{"line":21,"column":3}},"line":19},"5":{"name":"(anonymous_5)","decl":{"start":{"line":29,"column":17},"end":{"line":29,"column":18}},"loc":{"start":{"line":29,"column":24},"end":{"line":33,"column":7}},"line":29},"6":{"name":"(anonymous_6)","decl":{"start":{"line":75,"column":43},"end":{"line":75,"column":44}},"loc":{"start":{"line":76,"column":16},"end":{"line":82,"column":23}},"line":76},"7":{"name":"(anonymous_7)","decl":{"start":{"line":80,"column":37},"end":{"line":80,"column":38}},"loc":{"start":{"line":80,"column":42},"end":{"line":80,"column":64}},"line":80}},"branchMap":{"0":{"loc":{"start":{"line":12,"column":11},"end":{"line":12,"column":36}},"type":"binary-expr","locations":[{"start":{"line":12,"column":11},"end":{"line":12,"column":23}},{"start":{"line":12,"column":27},"end":{"line":12,"column":36}}],"line":12},"1":{"loc":{"start":{"line":16,"column":11},"end":{"line":16,"column":60}},"type":"cond-expr","locations":[{"start":{"line":16,"column":40},"end":{"line":16,"column":48}},{"start":{"line":16,"column":51},"end":{"line":16,"column":60}}],"line":16},"2":{"loc":{"start":{"line":20,"column":11},"end":{"line":20,"column":60}},"type":"cond-expr","locations":[{"start":{"line":20,"column":40},"end":{"line":20,"column":48}},{"start":{"line":20,"column":51},"end":{"line":20,"column":60}}],"line":20},"3":{"loc":{"start":{"line":30,"column":8},"end":{"line":32,"column":9}},"type":"if","locations":[{"start":{"line":30,"column":8},"end":{"line":32,"column":9}},{"start":{},"end":{}}],"line":30},"4":{"loc":{"start":{"line":30,"column":12},"end":{"line":30,"column":46}},"type":"binary-expr","locations":[{"start":{"line":30,"column":12},"end":{"line":30,"column":29}},{"start":{"line":30,"column":33},"end":{"line":30,"column":46}}],"line":30},"5":{"loc":{"start":{"line":34,"column":28},"end":{"line":34,"column":70}},"type":"binary-expr","locations":[{"start":{"line":34,"column":28},"end":{"line":34,"column":48}},{"start":{"line":34,"column":52},"end":{"line":34,"column":70}}],"line":34},"6":{"loc":{"start":{"line":40,"column":13},"end":{"line":40,"column":55}},"type":"binary-expr","locations":[{"start":{"line":40,"column":13},"end":{"line":40,"column":33}},{"start":{"line":40,"column":37},"end":{"line":40,"column":55}}],"line":40},"7":{"loc":{"start":{"line":49,"column":57},"end":{"line":49,"column":83}},"type":"binary-expr","locations":[{"start":{"line":49,"column":57},"end":{"line":49,"column":74}},{"start":{"line":49,"column":78},"end":{"line":49,"column":83}}],"line":49},"8":{"loc":{"start":{"line":57,"column":9},"end":{"line":62,"column":9}},"type":"binary-expr","locations":[{"start":{"line":57,"column":9},"end":{"line":57,"column":27}},{"start":{"line":58,"column":10},"end":{"line":61,"column":16}}],"line":57},"9":{"loc":{"start":{"line":64,"column":9},"end":{"line":69,"column":9}},"type":"binary-expr","locations":[{"start":{"line":64,"column":9},"end":{"line":64,"column":27}},{"start":{"line":65,"column":10},"end":{"line":68,"column":16}}],"line":64},"10":{"loc":{"start":{"line":71,"column":9},"end":{"line":86,"column":9}},"type":"binary-expr","locations":[{"start":{"line":71,"column":9},"end":{"line":71,"column":32}},{"start":{"line":71,"column":36},"end":{"line":71,"column":70}},{"start":{"line":72,"column":10},"end":{"line":85,"column":16}}],"line":71},"11":{"loc":{"start":{"line":80,"column":25},"end":{"line":80,"column":82}},"type":"binary-expr","locations":[{"start":{"line":80,"column":25},"end":{"line":80,"column":71}},{"start":{"line":80,"column":75},"end":{"line":80,"column":82}}],"line":80}},"s":{"0":18,"1":34,"2":51,"3":34,"4":18,"5":36,"6":18,"7":18,"8":18,"9":2,"10":2,"11":34,"12":51},"f":{"0":18,"1":34,"2":51,"3":36,"4":18,"5":2,"6":34,"7":51},"b":{"0":[34,0],"1":[34,2],"2":[17,1],"3":[2,0],"4":[2,1],"5":[18,1],"6":[18,1],"7":[18,1],"8":[18,17],"9":[18,17],"10":[18,18,17],"11":[34,0]},"_coverageSchema":"1a1c01bbd47fc00a2c39e90264f33305004495a9","hash":"4b0afba0c1184f72abaaf6cc99163b7efc181379"}
,"/Users/bkh223/Documents/GitHub/agent-engineers/generations/homesentinel/frontend/src/components/DeviceDetailCard.js": {"path":"/Users/bkh223/Documents/GitHub/agent-engineers/generations/homesentinel/frontend/src/components/DeviceDetailCard.js","statementMap":{"0":{"start":{"line":10,"column":36},"end":{"line":10,"column":51}},"1":{"start":{"line":11,"column":36},"end":{"line":11,"column":50}},"2":{"start":{"line":12,"column":34},"end":{"line":12,"column":49}},"3":{"start":{"line":13,"column":28},"end":{"line":13,"column":42}},"4":{"start":{"line":14,"column":34},"end":{"line":18,"column":4}},"5":{"start":{"line":20,"column":2},"end":{"line":26,"column":15}},"6":{"start":{"line":21,"column":4},"end":{"line":25,"column":7}},"7":{"start":{"line":28,"column":21},"end":{"line":32,"column":3}},"8":{"start":{"line":29,"column":4},"end":{"line":29,"column":36}},"9":{"start":{"line":29,"column":21},"end":{"line":29,"column":36}},"10":{"start":{"line":30,"column":17},"end":{"line":30,"column":37}},"11":{"start":{"line":31,"column":4},"end":{"line":31,"column":33}},"12":{"start":{"line":34,"column":27},"end":{"line":37,"column":3}},"13":{"start":{"line":35,"column":4},"end":{"line":35,"column":27}},"14":{"start":{"line":35,"column":14},"end":{"line":35,"column":27}},"15":{"start":{"line":36,"column":4},"end":{"line":36,"column":29}},"16":{"start":{"line":39,"column":24},"end":{"line":42,"column":3}},"17":{"start":{"line":40,"column":18},"end":{"line":40,"column":58}},"18":{"start":{"line":40,"column":35},"end":{"line":40,"column":57}},"19":{"start":{"line":41,"column":4},"end":{"line":41,"column":37}},"20":{"start":{"line":44,"column":23},"end":{"line":47,"column":3}},"21":{"start":{"line":45,"column":18},"end":{"line":45,"column":58}},"22":{"start":{"line":45,"column":35},"end":{"line":45,"column":57}},"23":{"start":{"line":46,"column":4},"end":{"line":46,"column":42}},"24":{"start":{"line":49,"column":28},"end":{"line":54,"column":3}},"25":{"start":{"line":50,"column":4},"end":{"line":53,"column":8}},"26":{"start":{"line":50,"column":25},"end":{"line":53,"column":5}},"27":{"start":{"line":56,"column":26},"end":{"line":90,"column":3}},"28":{"start":{"line":57,"column":4},"end":{"line":57,"column":22}},"29":{"start":{"line":58,"column":4},"end":{"line":58,"column":19}},"30":{"start":{"line":60,"column":4},"end":{"line":89,"column":5}},"31":{"start":{"line":61,"column":25},"end":{"line":61,"column":27}},"32":{"start":{"line":62,"column":6},"end":{"line":62,"column":42}},"33":{"start":{"line":64,"column":23},"end":{"line":73,"column":7}},"34":{"start":{"line":75,"column":6},"end":{"line":83,"column":7}},"35":{"start":{"line":76,"column":30},"end":{"line":76,"column":51}},"36":{"start":{"line":77,"column":8},"end":{"line":79,"column":9}},"37":{"start":{"line":78,"column":10},"end":{"line":78,"column":34}},"38":{"start":{"line":80,"column":8},"end":{"line":80,"column":27}},"39":{"start":{"line":82,"column":8},"end":{"line":82,"column":51}},"40":{"start":{"line":85,"column":6},"end":{"line":85,"column":55}},"41":{"start":{"line":86,"column":6},"end":{"line":86,"column":60}},"42":{"start":{"line":88,"column":6},"end":{"line":88,"column":25}},"43":{"start":{"line":92,"column":23},"end":{"line":100,"column":3}},"44":{"start":{"line":93,"column":4},"end":{"line":97,"column":7}},"45":{"start":{"line":98,"column":4},"end":{"line":98,"column":23}},"46":{"start":{"line":99,"column":4},"end":{"line":99,"column":19}},"47":{"start":{"line":102,"column":2},"end":{"line":104,"column":3}},"48":{"start":{"line":103,"column":4},"end":{"line":103,"column":16}},"49":{"start":{"line":106,"column":2},"end":{"line":407,"column":4}},"50":{"start":{"line":108,"column":61},"end":{"line":108,"column":80}},"51":{"start":{"line":172,"column":20},"end":{"line":174,"column":26}},"52":{"start":{"line":211,"column":37},"end":{"line":211,"column":87}},"53":{"start":{"line":218,"column":37},"end":{"line":218,"column":69}},"54":{"start":{"line":239,"column":35},"end":{"line":239,"column":64}},"55":{"start":{"line":255,"column":37},"end":{"line":255,"column":85}},"56":{"start":{"line":271,"column":37},"end":{"line":271,"column":67}},"57":{"start":{"line":292,"column":35},"end":{"line":292,"column":62}},"58":{"start":{"line":309,"column":20},"end":{"line":315,"column":26}},"59":{"start":{"line":358,"column":35},"end":{"line":358,"column":77}},"60":{"start":{"line":366,"column":35},"end":{"line":366,"column":59}},"61":{"start":{"line":388,"column":35},"end":{"line":388,"column":56}}},"fnMap":{"0":{"name":"DeviceDetailCard","decl":{"start":{"line":9,"column":9},"end":{"line":9,"column":25}},"loc":{"start":{"line":9,"column":65},"end":{"line":408,"column":1}},"line":9},"1":{"name":"(anonymous_1)","decl":{"start":{"line":20,"column":12},"end":{"line":20,"column":13}},"loc":{"start":{"line":20,"column":18},"end":{"line":26,"column":3}},"line":20},"2":{"name":"(anonymous_2)","decl":{"start":{"line":28,"column":21},"end":{"line":28,"column":22}},"loc":{"start":{"line":28,"column":37},"end":{"line":32,"column":3}},"line":28},"3":{"name":"(anonymous_3)","decl":{"start":{"line":34,"column":27},"end":{"line":34,"column":28}},"loc":{"start":{"line":34,"column":36},"end":{"line":37,"column":3}},"line":34},"4":{"name":"(anonymous_4)","decl":{"start":{"line":39,"column":24},"end":{"line":39,"column":25}},"loc":{"start":{"line":39,"column":37},"end":{"line":42,"column":3}},"line":39},"5":{"name":"(anonymous_5)","decl":{"start":{"line":40,"column":30},"end":{"line":40,"column":31}},"loc":{"start":{"line":40,"column":35},"end":{"line":40,"column":57}},"line":40},"6":{"name":"(anonymous_6)","decl":{"start":{"line":44,"column":23},"end":{"line":44,"column":24}},"loc":{"start":{"line":44,"column":36},"end":{"line":47,"column":3}},"line":44},"7":{"name":"(anonymous_7)","decl":{"start":{"line":45,"column":30},"end":{"line":45,"column":31}},"loc":{"start":{"line":45,"column":35},"end":{"line":45,"column":57}},"line":45},"8":{"name":"(anonymous_8)","decl":{"start":{"line":49,"column":28},"end":{"line":49,"column":29}},"loc":{"start":{"line":49,"column":46},"end":{"line":54,"column":3}},"line":49},"9":{"name":"(anonymous_9)","decl":{"start":{"line":50,"column":16},"end":{"line":50,"column":17}},"loc":{"start":{"line":50,"column":25},"end":{"line":53,"column":5}},"line":50},"10":{"name":"(anonymous_10)","decl":{"start":{"line":56,"column":26},"end":{"line":56,"column":27}},"loc":{"start":{"line":56,"column":43},"end":{"line":90,"column":3}},"line":56},"11":{"name":"(anonymous_11)","decl":{"start":{"line":92,"column":23},"end":{"line":92,"column":24}},"loc":{"start":{"line":92,"column":29},"end":{"line":100,"column":3}},"line":92},"12":{"name":"(anonymous_12)","decl":{"start":{"line":108,"column":54},"end":{"line":108,"column":55}},"loc":{"start":{"line":108,"column":61},"end":{"line":108,"column":80}},"line":108},"13":{"name":"(anonymous_13)","decl":{"start":{"line":171,"column":41},"end":{"line":171,"column":42}},"loc":{"start":{"line":172,"column":20},"end":{"line":174,"column":26}},"line":172},"14":{"name":"(anonymous_14)","decl":{"start":{"line":211,"column":30},"end":{"line":211,"column":31}},"loc":{"start":{"line":211,"column":37},"end":{"line":211,"column":87}},"line":211},"15":{"name":"(anonymous_15)","decl":{"start":{"line":218,"column":31},"end":{"line":218,"column":32}},"loc":{"start":{"line":218,"column":37},"end":{"line":218,"column":69}},"line":218},"16":{"name":"(anonymous_16)","decl":{"start":{"line":239,"column":29},"end":{"line":239,"column":30}},"loc":{"start":{"line":239,"column":35},"end":{"line":239,"column":64}},"line":239},"17":{"name":"(anonymous_17)","decl":{"start":{"line":255,"column":30},"end":{"line":255,"column":31}},"loc":{"start":{"line":255,"column":37},"end":{"line":255,"column":85}},"line":255},"18":{"name":"(anonymous_18)","decl":{"start":{"line":271,"column":31},"end":{"line":271,"column":32}},"loc":{"start":{"line":271,"column":37},"end":{"line":271,"column":67}},"line":271},"19":{"name":"(anonymous_19)","decl":{"start":{"line":292,"column":29},"end":{"line":292,"column":30}},"loc":{"start":{"line":292,"column":35},"end":{"line":292,"column":62}},"line":292},"20":{"name":"(anonymous_20)","decl":{"start":{"line":308,"column":47},"end":{"line":308,"column":48}},"loc":{"start":{"line":309,"column":20},"end":{"line":315,"column":26}},"line":309},"21":{"name":"(anonymous_21)","decl":{"start":{"line":358,"column":28},"end":{"line":358,"column":29}},"loc":{"start":{"line":358,"column":35},"end":{"line":358,"column":77}},"line":358},"22":{"name":"(anonymous_22)","decl":{"start":{"line":366,"column":29},"end":{"line":366,"column":30}},"loc":{"start":{"line":366,"column":35},"end":{"line":366,"column":59}},"line":366},"23":{"name":"(anonymous_23)","decl":{"start":{"line":388,"column":29},"end":{"line":388,"column":30}},"loc":{"start":{"line":388,"column":35},"end":{"line":388,"column":56}},"line":388}},"branchMap":{"0":{"loc":{"start":{"line":15,"column":19},"end":{"line":15,"column":46}},"type":"binary-expr","locations":[{"start":{"line":15,"column":19},"end":{"line":15,"column":40}},{"start":{"line":15,"column":44},"end":{"line":15,"column":46}}],"line":15},"1":{"loc":{"start":{"line":16,"column":17},"end":{"line":16,"column":42}},"type":"binary-expr","locations":[{"start":{"line":16,"column":17},"end":{"line":16,"column":36}},{"start":{"line":16,"column":40},"end":{"line":16,"column":42}}],"line":16},"2":{"loc":{"start":{"line":17,"column":11},"end":{"line":17,"column":30}},"type":"binary-expr","locations":[{"start":{"line":17,"column":11},"end":{"line":17,"column":24}},{"start":{"line":17,"column":28},"end":{"line":17,"column":30}}],"line":17},"3":{"loc":{"start":{"line":22,"column":21},"end":{"line":22,"column":48}},"type":"binary-expr","locations":[{"start":{"line":22,"column":21},"end":{"line":22,"column":42}},{"start":{"line":22,"column":46},"end":{"line":22,"column":48}}],"line":22},"4":{"loc":{"start":{"line":23,"column":19},"end":{"line":23,"column":44}},"type":"binary-expr","locations":[{"start":{"line":23,"column":19},"end":{"line":23,"column":38}},{"start":{"line":23,"column":42},"end":{"line":23,"column":44}}],"line":23},"5":{"loc":{"start":{"line":24,"column":13},"end":{"line":24,"column":32}},"type":"binary-expr","locations":[{"start":{"line":24,"column":13},"end":{"line":24,"column":26}},{"start":{"line":24,"column":30},"end":{"line":24,"column":32}}],"line":24},"6":{"loc":{"start":{"line":29,"column":4},"end":{"line":29,"column":36}},"type":"if","locations":[{"start":{"line":29,"column":4},"end":{"line":29,"column":36}},{"start":{},"end":{}}],"line":29},"7":{"loc":{"start":{"line":35,"column":4},"end":{"line":35,"column":27}},"type":"if","locations":[{"start":{"line":35,"column":4},"end":{"line":35,"column":27}},{"start":{},"end":{}}],"line":35},"8":{"loc":{"start":{"line":41,"column":11},"end":{"line":41,"column":36}},"type":"binary-expr","locations":[{"start":{"line":41,"column":11},"end":{"line":41,"column":23}},{"start":{"line":41,"column":27},"end":{"line":41,"column":36}}],"line":41},"9":{"loc":{"start":{"line":46,"column":11},"end":{"line":46,"column":41}},"type":"binary-expr","locations":[{"start":{"line":46,"column":11},"end":{"line":46,"column":22}},{"start":{"line":46,"column":26},"end":{"line":46,"column":41}}],"line":46},"10":{"loc":{"start":{"line":75,"column":6},"end":{"line":83,"column":7}},"type":"if","locations":[{"start":{"line":75,"column":6},"end":{"line":83,"column":7}},{"start":{"line":81,"column":13},"end":{"line":83,"column":7}}],"line":75},"11":{"loc":{"start":{"line":77,"column":8},"end":{"line":79,"column":9}},"type":"if","locations":[{"start":{"line":77,"column":8},"end":{"line":79,"column":9}},{"start":{},"end":{}}],"line":77},"12":{"loc":{"start":{"line":94,"column":21},"end":{"line":94,"column":48}},"type":"binary-expr","locations":[{"start":{"line":94,"column":21},"end":{"line":94,"column":42}},{"start":{"line":94,"column":46},"end":{"line":94,"column":48}}],"line":94},"13":{"loc":{"start":{"line":95,"column":19},"end":{"line":95,"column":44}},"type":"binary-expr","locations":[{"start":{"line":95,"column":19},"end":{"line":95,"column":38}},{"start":{"line":95,"column":42},"end":{"line":95,"column":44}}],"line":95},"14":{"loc":{"start":{"line":96,"column":13},"end":{"line":96,"column":32}},"type":"binary-expr","locations":[{"start":{"line":96,"column":13},"end":{"line":96,"column":26}},{"start":{"line":96,"column":30},"end":{"line":96,"column":32}}],"line":96},"15":{"loc":{"start":{"line":102,"column":2},"end":{"line":104,"column":3}},"type":"if","locations":[{"start":{"line":102,"column":2},"end":{"line":104,"column":3}},{"start":{},"end":{}}],"line":102},"16":{"loc":{"start":{"line":124,"column":15},"end":{"line":124,"column":55}},"type":"binary-expr","locations":[{"start":{"line":124,"column":15},"end":{"line":124,"column":35}},{"start":{"line":124,"column":39},"end":{"line":124,"column":55}}],"line":124},"17":{"loc":{"start":{"line":130,"column":15},"end":{"line":130,"column":64}},"type":"cond-expr","locations":[{"start":{"line":130,"column":44},"end":{"line":130,"column":52}},{"start":{"line":130,"column":55},"end":{"line":130,"column":64}}],"line":130},"18":{"loc":{"start":{"line":136,"column":9},"end":{"line":140,"column":9}},"type":"binary-expr","locations":[{"start":{"line":136,"column":9},"end":{"line":136,"column":14}},{"start":{"line":137,"column":10},"end":{"line":139,"column":16}}],"line":136},"19":{"loc":{"start":{"line":163,"column":55},"end":{"line":163,"column":81}},"type":"binary-expr","locations":[{"start":{"line":163,"column":55},"end":{"line":163,"column":72}},{"start":{"line":163,"column":76},"end":{"line":163,"column":81}}],"line":163},"20":{"loc":{"start":{"line":167,"column":13},"end":{"line":178,"column":13}},"type":"binary-expr","locations":[{"start":{"line":167,"column":13},"end":{"line":167,"column":30}},{"start":{"line":167,"column":34},"end":{"line":167,"column":62}},{"start":{"line":168,"column":14},"end":{"line":177,"column":20}}],"line":167},"21":{"loc":{"start":{"line":181,"column":13},"end":{"line":186,"column":13}},"type":"binary-expr","locations":[{"start":{"line":181,"column":13},"end":{"line":181,"column":28}},{"start":{"line":182,"column":14},"end":{"line":185,"column":20}}],"line":181},"22":{"loc":{"start":{"line":194,"column":13},"end":{"line":201,"column":13}},"type":"binary-expr","locations":[{"start":{"line":194,"column":13},"end":{"line":194,"column":31}},{"start":{"line":195,"column":14},"end":{"line":200,"column":20}}],"line":194},"23":{"loc":{"start":{"line":206,"column":15},"end":{"line":245,"column":15}},"type":"cond-expr","locations":[{"start":{"line":207,"column":16},"end":{"line":231,"column":22}},{"start":{"line":233,"column":16},"end":{"line":244,"column":22}}],"line":206},"24":{"loc":{"start":{"line":221,"column":23},"end":{"line":221,"column":54}},"type":"cond-expr","locations":[{"start":{"line":221,"column":34},"end":{"line":221,"column":45}},{"start":{"line":221,"column":48},"end":{"line":221,"column":54}}],"line":221},"25":{"loc":{"start":{"line":235,"column":21},"end":{"line":235,"column":56}},"type":"binary-expr","locations":[{"start":{"line":235,"column":21},"end":{"line":235,"column":43}},{"start":{"line":235,"column":47},"end":{"line":235,"column":56}}],"line":235},"26":{"loc":{"start":{"line":251,"column":15},"end":{"line":298,"column":15}},"type":"cond-expr","locations":[{"start":{"line":252,"column":16},"end":{"line":284,"column":22}},{"start":{"line":286,"column":16},"end":{"line":297,"column":22}}],"line":251},"27":{"loc":{"start":{"line":274,"column":23},"end":{"line":274,"column":54}},"type":"cond-expr","locations":[{"start":{"line":274,"column":34},"end":{"line":274,"column":45}},{"start":{"line":274,"column":48},"end":{"line":274,"column":54}}],"line":274},"28":{"loc":{"start":{"line":288,"column":21},"end":{"line":288,"column":54}},"type":"binary-expr","locations":[{"start":{"line":288,"column":21},"end":{"line":288,"column":41}},{"start":{"line":288,"column":45},"end":{"line":288,"column":54}}],"line":288},"29":{"loc":{"start":{"line":303,"column":11},"end":{"line":320,"column":11}},"type":"binary-expr","locations":[{"start":{"line":303,"column":11},"end":{"line":303,"column":34}},{"start":{"line":303,"column":38},"end":{"line":303,"column":72}},{"start":{"line":304,"column":12},"end":{"line":319,"column":22}}],"line":303},"30":{"loc":{"start":{"line":329,"column":17},"end":{"line":329,"column":66}},"type":"cond-expr","locations":[{"start":{"line":329,"column":46},"end":{"line":329,"column":54}},{"start":{"line":329,"column":57},"end":{"line":329,"column":66}}],"line":329},"31":{"loc":{"start":{"line":343,"column":13},"end":{"line":348,"column":13}},"type":"binary-expr","locations":[{"start":{"line":343,"column":13},"end":{"line":343,"column":34}},{"start":{"line":344,"column":14},"end":{"line":347,"column":20}}],"line":343},"32":{"loc":{"start":{"line":354,"column":13},"end":{"line":395,"column":13}},"type":"cond-expr","locations":[{"start":{"line":355,"column":14},"end":{"line":379,"column":20}},{"start":{"line":381,"column":14},"end":{"line":394,"column":20}}],"line":354},"33":{"loc":{"start":{"line":369,"column":21},"end":{"line":369,"column":52}},"type":"cond-expr","locations":[{"start":{"line":369,"column":32},"end":{"line":369,"column":43}},{"start":{"line":369,"column":46},"end":{"line":369,"column":52}}],"line":369},"34":{"loc":{"start":{"line":384,"column":21},"end":{"line":384,"column":49}},"type":"binary-expr","locations":[{"start":{"line":384,"column":21},"end":{"line":384,"column":35}},{"start":{"line":384,"column":39},"end":{"line":384,"column":49}}],"line":384}},"s":{"0":74,"1":74,"2":74,"3":74,"4":74,"5":74,"6":27,"7":74,"8":148,"9":0,"10":148,"11":148,"12":74,"13":74,"14":0,"15":74,"16":74,"17":74,"18":74,"19":74,"20":74,"21":74,"22":74,"23":74,"24":74,"25":5,"26":5,"27":74,"28":4,"29":4,"30":4,"31":4,"32":4,"33":4,"34":4,"35":4,"36":4,"37":4,"38":4,"39":0,"40":0,"41":0,"42":4,"43":74,"44":1,"45":1,"46":1,"47":74,"48":0,"49":74,"50":15,"51":148,"52":4,"53":3,"54":5,"55":1,"56":1,"57":2,"58":74,"59":0,"60":0,"61":1},"f":{"0":74,"1":27,"2":148,"3":74,"4":74,"5":74,"6":74,"7":74,"8":5,"9":5,"10":4,"11":1,"12":15,"13":148,"14":4,"15":3,"16":5,"17":1,"18":1,"19":2,"20":74,"21":0,"22":0,"23":1},"b":{"0":[74,0],"1":[74,0],"2":[74,0],"3":[27,0],"4":[27,0],"5":[27,0],"6":[0,148],"7":[0,74],"8":[74,0],"9":[74,0],"10":[4,0],"11":[4,0],"12":[1,0],"13":[1,0],"14":[1,0],"15":[0,74],"16":[74,0],"17":[72,2],"18":[74,0],"19":[74,0],"20":[74,74,74],"21":[74,74],"22":[74,74],"23":[12,62],"24":[3,9],"25":[62,0],"26":[4,70],"27":[1,3],"28":[70,0],"29":[74,74,74],"30":[72,2],"31":[74,0],"32":[1,73],"33":[0,1],"34":[73,0]},"_coverageSchema":"1a1c01bbd47fc00a2c39e90264f33305004495a9","hash":"3aba2495909b67a72853701c63cccdb13f331439"}
}
