TN:
SF:src/App.js
FN:6,App
FN:23,(anonymous_1)
FN:25,(anonymous_2)
FN:45,(anonymous_3)
FN:63,(anonymous_4)
FN:80,(anonymous_5)
FN:102,(anonymous_6)
FN:109,(anonymous_7)
FN:112,(anonymous_8)
FN:125,(anonymous_9)
FN:136,(anonymous_10)
FN:141,(anonymous_11)
FN:146,(anonymous_12)
FN:147,(anonymous_13)
FN:152,(anonymous_14)
FN:153,(anonymous_15)
FN:160,(anonymous_16)
FN:163,(anonymous_17)
FN:173,(anonymous_18)
FN:183,(anonymous_19)
FN:200,(anonymous_20)
FN:212,(anonymous_21)
FN:218,(anonymous_22)
FN:222,(anonymous_23)
FN:225,(anonymous_24)
FN:226,(anonymous_25)
FN:272,(anonymous_26)
FN:303,(anonymous_27)
FN:308,(anonymous_28)
FN:339,(anonymous_29)
FN:350,(anonymous_30)
FN:370,(anonymous_31)
FNF:32
FNH:0
FNDA:0,App
FNDA:0,(anonymous_1)
FNDA:0,(anonymous_2)
FNDA:0,(anonymous_3)
FNDA:0,(anonymous_4)
FNDA:0,(anonymous_5)
FNDA:0,(anonymous_6)
FNDA:0,(anonymous_7)
FNDA:0,(anonymous_8)
FNDA:0,(anonymous_9)
FNDA:0,(anonymous_10)
FNDA:0,(anonymous_11)
FNDA:0,(anonymous_12)
FNDA:0,(anonymous_13)
FNDA:0,(anonymous_14)
FNDA:0,(anonymous_15)
FNDA:0,(anonymous_16)
FNDA:0,(anonymous_17)
FNDA:0,(anonymous_18)
FNDA:0,(anonymous_19)
FNDA:0,(anonymous_20)
FNDA:0,(anonymous_21)
FNDA:0,(anonymous_22)
FNDA:0,(anonymous_23)
FNDA:0,(anonymous_24)
FNDA:0,(anonymous_25)
FNDA:0,(anonymous_26)
FNDA:0,(anonymous_27)
FNDA:0,(anonymous_28)
FNDA:0,(anonymous_29)
FNDA:0,(anonymous_30)
FNDA:0,(anonymous_31)
DA:7,0
DA:8,0
DA:9,0
DA:10,0
DA:11,0
DA:12,0
DA:13,0
DA:14,0
DA:15,0
DA:16,0
DA:17,0
DA:23,0
DA:25,0
DA:26,0
DA:27,0
DA:33,0
DA:34,0
DA:35,0
DA:37,0
DA:40,0
DA:41,0
DA:45,0
DA:46,0
DA:47,0
DA:53,0
DA:54,0
DA:55,0
DA:56,0
DA:59,0
DA:63,0
DA:64,0
DA:65,0
DA:71,0
DA:72,0
DA:73,0
DA:76,0
DA:80,0
DA:81,0
DA:82,0
DA:88,0
DA:89,0
DA:90,0
DA:93,0
DA:97,0
DA:98,0
DA:99,0
DA:100,0
DA:102,0
DA:103,0
DA:104,0
DA:105,0
DA:106,0
DA:109,0
DA:112,0
DA:113,0
DA:114,0
DA:115,0
DA:121,0
DA:122,0
DA:123,0
DA:125,0
DA:126,0
DA:130,0
DA:132,0
DA:136,0
DA:137,0
DA:138,0
DA:141,0
DA:142,0
DA:143,0
DA:146,0
DA:147,0
DA:148,0
DA:152,0
DA:153,0
DA:154,0
DA:155,0
DA:159,0
DA:160,0
DA:163,0
DA:164,0
DA:165,0
DA:170,0
DA:173,0
DA:174,0
DA:175,0
DA:176,0
DA:183,0
DA:184,0
DA:186,0
DA:187,0
DA:198,0
DA:199,0
DA:200,0
DA:201,0
DA:202,0
DA:204,0
DA:207,0
DA:208,0
DA:212,0
DA:213,0
DA:214,0
DA:215,0
DA:218,0
DA:219,0
DA:222,0
DA:225,0
DA:226,0
DA:228,0
DA:273,0
DA:304,0
DA:308,0
DA:340,0
DA:351,0
DA:371,0
LF:115
LH:0
BRDA:33,0,0,0
BRDA:33,0,1,0
BRDA:53,1,0,0
BRDA:53,1,1,0
BRDA:55,2,0,0
BRDA:55,2,1,0
BRDA:71,3,0,0
BRDA:71,3,1,0
BRDA:88,4,0,0
BRDA:88,4,1,0
BRDA:90,5,0,0
BRDA:90,5,1,0
BRDA:121,6,0,0
BRDA:121,6,1,0
BRDA:147,7,0,0
BRDA:147,7,1,0
BRDA:154,8,0,0
BRDA:154,8,1,0
BRDA:154,9,0,0
BRDA:154,9,1,0
BRDA:166,10,0,0
BRDA:166,10,1,0
BRDA:167,11,0,0
BRDA:167,11,1,0
BRDA:168,12,0,0
BRDA:168,12,1,0
BRDA:184,13,0,0
BRDA:184,13,1,0
BRDA:198,14,0,0
BRDA:198,14,1,0
BRDA:200,15,0,0
BRDA:200,15,1,0
BRDA:213,16,0,0
BRDA:213,16,1,0
BRDA:219,17,0,0
BRDA:219,17,1,0
BRDA:252,18,0,0
BRDA:252,18,1,0
BRDA:258,19,0,0
BRDA:258,19,1,0
BRDA:259,20,0,0
BRDA:259,20,1,0
BRDA:268,21,0,0
BRDA:268,21,1,0
BRDA:292,22,0,0
BRDA:292,22,1,0
BRDA:294,23,0,0
BRDA:294,23,1,0
BRDA:301,24,0,0
BRDA:301,24,1,0
BRDA:318,25,0,0
BRDA:318,25,1,0
BRDA:318,25,2,0
BRDA:328,26,0,0
BRDA:328,26,1,0
BRDA:328,26,2,0
BRF:56
BRH:0
end_of_record
TN:
SF:src/index.js
FNF:0
FNH:0
DA:5,0
DA:6,0
LF:2
LH:0
BRF:0
BRH:0
end_of_record
TN:
SF:src/components/DeviceCard.js
FN:9,DeviceCard
FN:10,(anonymous_1)
FN:11,(anonymous_2)
FN:15,(anonymous_3)
FN:19,(anonymous_4)
FN:29,(anonymous_5)
FN:75,(anonymous_6)
FN:80,(anonymous_7)
FNF:8
FNH:8
FNDA:18,DeviceCard
FNDA:34,(anonymous_1)
FNDA:51,(anonymous_2)
FNDA:36,(anonymous_3)
FNDA:18,(anonymous_4)
FNDA:2,(anonymous_5)
FNDA:34,(anonymous_6)
FNDA:51,(anonymous_7)
DA:10,18
DA:11,51
DA:12,34
DA:15,18
DA:16,36
DA:19,18
DA:20,18
DA:23,18
DA:30,2
DA:31,2
DA:76,34
DA:80,51
LF:12
LH:12
BRDA:12,0,0,34
BRDA:12,0,1,0
BRDA:16,1,0,34
BRDA:16,1,1,2
BRDA:20,2,0,17
BRDA:20,2,1,1
BRDA:30,3,0,2
BRDA:30,3,1,0
BRDA:30,4,0,2
BRDA:30,4,1,1
BRDA:34,5,0,18
BRDA:34,5,1,1
BRDA:40,6,0,18
BRDA:40,6,1,1
BRDA:49,7,0,18
BRDA:49,7,1,1
BRDA:57,8,0,18
BRDA:57,8,1,17
BRDA:64,9,0,18
BRDA:64,9,1,17
BRDA:71,10,0,18
BRDA:71,10,1,18
BRDA:71,10,2,17
BRDA:80,11,0,34
BRDA:80,11,1,0
BRF:25
BRH:22
end_of_record
TN:
SF:src/components/DeviceDetailCard.js
FN:9,DeviceDetailCard
FN:20,(anonymous_1)
FN:28,(anonymous_2)
FN:34,(anonymous_3)
FN:39,(anonymous_4)
FN:40,(anonymous_5)
FN:44,(anonymous_6)
FN:45,(anonymous_7)
FN:49,(anonymous_8)
FN:50,(anonymous_9)
FN:56,(anonymous_10)
FN:92,(anonymous_11)
FN:108,(anonymous_12)
FN:171,(anonymous_13)
FN:211,(anonymous_14)
FN:218,(anonymous_15)
FN:239,(anonymous_16)
FN:255,(anonymous_17)
FN:271,(anonymous_18)
FN:292,(anonymous_19)
FN:308,(anonymous_20)
FN:358,(anonymous_21)
FN:366,(anonymous_22)
FN:388,(anonymous_23)
FNF:24
FNH:22
FNDA:74,DeviceDetailCard
FNDA:27,(anonymous_1)
FNDA:148,(anonymous_2)
FNDA:74,(anonymous_3)
FNDA:74,(anonymous_4)
FNDA:74,(anonymous_5)
FNDA:74,(anonymous_6)
FNDA:74,(anonymous_7)
FNDA:5,(anonymous_8)
FNDA:5,(anonymous_9)
FNDA:4,(anonymous_10)
FNDA:1,(anonymous_11)
FNDA:15,(anonymous_12)
FNDA:148,(anonymous_13)
FNDA:4,(anonymous_14)
FNDA:3,(anonymous_15)
FNDA:5,(anonymous_16)
FNDA:1,(anonymous_17)
FNDA:1,(anonymous_18)
FNDA:2,(anonymous_19)
FNDA:74,(anonymous_20)
FNDA:0,(anonymous_21)
FNDA:0,(anonymous_22)
FNDA:1,(anonymous_23)
DA:10,74
DA:11,74
DA:12,74
DA:13,74
DA:14,74
DA:20,74
DA:21,27
DA:28,74
DA:29,148
DA:30,148
DA:31,148
DA:34,74
DA:35,74
DA:36,74
DA:39,74
DA:40,74
DA:41,74
DA:44,74
DA:45,74
DA:46,74
DA:49,74
DA:50,5
DA:56,74
DA:57,4
DA:58,4
DA:60,4
DA:61,4
DA:62,4
DA:64,4
DA:75,4
DA:76,4
DA:77,4
DA:78,4
DA:80,4
DA:82,0
DA:85,0
DA:86,0
DA:88,4
DA:92,74
DA:93,1
DA:98,1
DA:99,1
DA:102,74
DA:103,0
DA:106,74
DA:108,15
DA:172,148
DA:211,4
DA:218,3
DA:239,5
DA:255,1
DA:271,1
DA:292,2
DA:309,74
DA:358,0
DA:366,0
DA:388,1
LF:57
LH:51
BRDA:15,0,0,74
BRDA:15,0,1,0
BRDA:16,1,0,74
BRDA:16,1,1,0
BRDA:17,2,0,74
BRDA:17,2,1,0
BRDA:22,3,0,27
BRDA:22,3,1,0
BRDA:23,4,0,27
BRDA:23,4,1,0
BRDA:24,5,0,27
BRDA:24,5,1,0
BRDA:29,6,0,0
BRDA:29,6,1,148
BRDA:35,7,0,0
BRDA:35,7,1,74
BRDA:41,8,0,74
BRDA:41,8,1,0
BRDA:46,9,0,74
BRDA:46,9,1,0
BRDA:75,10,0,4
BRDA:75,10,1,0
BRDA:77,11,0,4
BRDA:77,11,1,0
BRDA:94,12,0,1
BRDA:94,12,1,0
BRDA:95,13,0,1
BRDA:95,13,1,0
BRDA:96,14,0,1
BRDA:96,14,1,0
BRDA:102,15,0,0
BRDA:102,15,1,74
BRDA:124,16,0,74
BRDA:124,16,1,0
BRDA:130,17,0,72
BRDA:130,17,1,2
BRDA:136,18,0,74
BRDA:136,18,1,0
BRDA:163,19,0,74
BRDA:163,19,1,0
BRDA:167,20,0,74
BRDA:167,20,1,74
BRDA:167,20,2,74
BRDA:181,21,0,74
BRDA:181,21,1,74
BRDA:194,22,0,74
BRDA:194,22,1,74
BRDA:206,23,0,12
BRDA:206,23,1,62
BRDA:221,24,0,3
BRDA:221,24,1,9
BRDA:235,25,0,62
BRDA:235,25,1,0
BRDA:251,26,0,4
BRDA:251,26,1,70
BRDA:274,27,0,1
BRDA:274,27,1,3
BRDA:288,28,0,70
BRDA:288,28,1,0
BRDA:303,29,0,74
BRDA:303,29,1,74
BRDA:303,29,2,74
BRDA:329,30,0,72
BRDA:329,30,1,2
BRDA:343,31,0,74
BRDA:343,31,1,0
BRDA:354,32,0,1
BRDA:354,32,1,73
BRDA:369,33,0,0
BRDA:369,33,1,1
BRDA:384,34,0,73
BRDA:384,34,1,0
BRF:72
BRH:48
end_of_record
